# JRE version: OpenJDK Runtime Environment Temurin-21.0.10+7 (21.0.10+7) (build 21.0.10+7-LTS)
# Java VM: OpenJDK 64-Bit Server VM Temurin-21.0.10+7 (21.0.10+7-LTS, mixed mode, sharing, tiered, compressed oops, compressed class ptrs, parallel gc, windows-amd64)
GC Precious Log:
 CardTable entry size: 512
 CPUs: 12 total, 12 available
 Memory: 16318M
 Large Page Support: Disabled
 NUMA Support: Disabled
 Compressed Oops: Enabled (32-bit)
 Alignments: Space 512K, Generation 512K, Heap 2M
 Heap Min Capacity: 100M
 Heap Initial Capacity: 100M
 Heap Max Capacity: 2G
 Pre-touch: Disabled
 Parallel Workers: 10
Heap:
 PSYoungGen      total 17920K, used 13844K [0x00000000d5580000, 0x00000000d6f80000, 0x0000000100000000)
  eden space 16384K, 75% used [0x00000000d5580000,0x00000000d618b7c0,0x00000000d6580000)
  from space 1536K, 98% used [0x00000000d6580000,0x00000000d66f9868,0x00000000d6700000)
  to   space 5120K, 0% used [0x00000000d6a80000,0x00000000d6a80000,0x00000000d6f80000)
 ParOldGen       total 68608K, used 58147K [0x0000000080000000, 0x0000000084300000, 0x00000000d5580000)
  object space 68608K, 84% used [0x0000000080000000,0x00000000838c8c20,0x0000000084300000)
 Metaspace       used 56579K, committed 57920K, reserved 1114112K
  class space    used 6133K, committed 6720K, reserved 1048576K
GC Heap History (20 events):
Event: 65.254 GC heap before
{Heap before GC invocations=44 (full 2):
 PSYoungGen      total 17408K, used 16850K [0x00000000d5580000, 0x00000000d6700000, 0x0000000100000000)
  eden space 16384K, 99% used [0x00000000d5580000,0x00000000d6577c58,0x00000000d6580000)
  from space 1024K, 48% used [0x00000000d6580000,0x00000000d65fccb0,0x00000000d6680000)
  to   space 512K, 0% used [0x00000000d6680000,0x00000000d6680000,0x00000000d6700000)
 ParOldGen       total 68608K, used 50336K [0x0000000080000000, 0x0000000084300000, 0x00000000d5580000)
  object space 68608K, 73% used [0x0000000080000000,0x0000000083128018,0x0000000084300000)
 Metaspace       used 50970K, committed 52224K, reserved 1114112K
  class space    used 5514K, committed 6080K, reserved 1048576K
}
Event: 65.255 GC heap after
{Heap after GC invocations=44 (full 2):
 PSYoungGen      total 16896K, used 416K [0x00000000d5580000, 0x00000000d6700000, 0x0000000100000000)
  eden space 16384K, 0% used [0x00000000d5580000,0x00000000d5580000,0x00000000d6580000)
  from space 512K, 81% used [0x00000000d6680000,0x00000000d66e8000,0x00000000d6700000)
  to   space 512K, 0% used [0x00000000d6600000,0x00000000d6600000,0x00000000d6680000)
 ParOldGen       total 68608K, used 50656K [0x0000000080000000, 0x0000000084300000, 0x00000000d5580000)
  object space 68608K, 73% used [0x0000000080000000,0x0000000083178018,0x0000000084300000)
 Metaspace       used 50970K, committed 52224K, reserved 1114112K
  class space    used 5514K, committed 6080K, reserved 1048576K
}
Event: 66.508 GC heap before
{Heap before GC invocations=45 (full 2):
 PSYoungGen      total 16896K, used 16800K [0x00000000d5580000, 0x00000000d6700000, 0x0000000100000000)
  eden space 16384K, 100% used [0x00000000d5580000,0x00000000d6580000,0x00000000d6580000)
  from space 512K, 81% used [0x00000000d6680000,0x00000000d66e8000,0x00000000d6700000)
  to   space 512K, 0% used [0x00000000d6600000,0x00000000d6600000,0x00000000d6680000)
 ParOldGen       total 68608K, used 50656K [0x0000000080000000, 0x0000000084300000, 0x00000000d5580000)
  object space 68608K, 73% used [0x0000000080000000,0x0000000083178018,0x0000000084300000)
 Metaspace       used 50981K, committed 52224K, reserved 1114112K
  class space    used 5514K, committed 6080K, reserved 1048576K
}
Event: 66.509 GC heap after
{Heap after GC invocations=45 (full 2):
 PSYoungGen      total 16896K, used 483K [0x00000000d5580000, 0x00000000d6780000, 0x0000000100000000)
  eden space 16384K, 0% used [0x00000000d5580000,0x00000000d5580000,0x00000000d6580000)
  from space 512K, 94% used [0x00000000d6600000,0x00000000d6678d40,0x00000000d6680000)
  to   space 1024K, 0% used [0x00000000d6680000,0x00000000d6680000,0x00000000d6780000)
 ParOldGen       total 68608K, used 50984K [0x0000000080000000, 0x0000000084300000, 0x00000000d5580000)
  object space 68608K, 74% used [0x0000000080000000,0x00000000831ca018,0x0000000084300000)
 Metaspace       used 50981K, committed 52224K, reserved 1114112K
  class space    used 5514K, committed 6080K, reserved 1048576K
}
Event: 67.386 GC heap before
{Heap before GC invocations=46 (full 2):
 PSYoungGen      total 16896K, used 16867K [0x00000000d5580000, 0x00000000d6780000, 0x0000000100000000)
  eden space 16384K, 100% used [0x00000000d5580000,0x00000000d6580000,0x00000000d6580000)
  from space 512K, 94% used [0x00000000d6600000,0x00000000d6678d40,0x00000000d6680000)
  to   space 1024K, 0% used [0x00000000d6680000,0x00000000d6680000,0x00000000d6780000)
 ParOldGen       total 68608K, used 50984K [0x0000000080000000, 0x0000000084300000, 0x00000000d5580000)
  object space 68608K, 74% used [0x0000000080000000,0x00000000831ca018,0x0000000084300000)
 Metaspace       used 50987K, committed 52224K, reserved 1114112K
  class space    used 5514K, committed 6080K, reserved 1048576K
}
Event: 67.387 GC heap after
{Heap after GC invocations=46 (full 2):
 PSYoungGen      total 17408K, used 480K [0x00000000d5580000, 0x00000000d6780000, 0x0000000100000000)
  eden space 16384K, 0% used [0x00000000d5580000,0x00000000d5580000,0x00000000d6580000)
  from space 1024K, 46% used [0x00000000d6680000,0x00000000d66f8000,0x00000000d6780000)
  to   space 1024K, 0% used [0x00000000d6580000,0x00000000d6580000,0x00000000d6680000)
 ParOldGen       total 68608K, used 51321K [0x0000000080000000, 0x0000000084300000, 0x00000000d5580000)
  object space 68608K, 74% used [0x0000000080000000,0x000000008321e418,0x0000000084300000)
 Metaspace       used 50987K, committed 52224K, reserved 1114112K
  class space    used 5514K, committed 6080K, reserved 1048576K
}
Event: 67.419 GC heap before
{Heap before GC invocations=47 (full 2):
 PSYoungGen      total 17408K, used 16864K [0x00000000d5580000, 0x00000000d6780000, 0x0000000100000000)
  eden space 16384K, 100% used [0x00000000d5580000,0x00000000d6580000,0x00000000d6580000)
  from space 1024K, 46% used [0x00000000d6680000,0x00000000d66f8000,0x00000000d6780000)
  to   space 1024K, 0% used [0x00000000d6580000,0x00000000d6580000,0x00000000d6680000)
 ParOldGen       total 68608K, used 51321K [0x0000000080000000, 0x0000000084300000, 0x00000000d5580000)
  object space 68608K, 74% used [0x0000000080000000,0x000000008321e418,0x0000000084300000)
 Metaspace       used 50987K, committed 52224K, reserved 1114112K
  class space    used 5514K, committed 6080K, reserved 1048576K
}
Event: 67.420 GC heap after
{Heap after GC invocations=47 (full 2):
 PSYoungGen      total 17408K, used 1000K [0x00000000d5580000, 0x00000000d6a80000, 0x0000000100000000)
  eden space 16384K, 0% used [0x00000000d5580000,0x00000000d5580000,0x00000000d6580000)
  from space 1024K, 97% used [0x00000000d6580000,0x00000000d667a108,0x00000000d6680000)
  to   space 2560K, 0% used [0x00000000d6800000,0x00000000d6800000,0x00000000d6a80000)
 ParOldGen       total 68608K, used 52272K [0x0000000080000000, 0x0000000084300000, 0x00000000d5580000)
  object space 68608K, 76% used [0x0000000080000000,0x000000008330c080,0x0000000084300000)
 Metaspace       used 50987K, committed 52224K, reserved 1114112K
  class space    used 5514K, committed 6080K, reserved 1048576K
}
Event: 67.443 GC heap before
{Heap before GC invocations=48 (full 2):
 PSYoungGen      total 17408K, used 17384K [0x00000000d5580000, 0x00000000d6a80000, 0x0000000100000000)
  eden space 16384K, 100% used [0x00000000d5580000,0x00000000d6580000,0x00000000d6580000)
  from space 1024K, 97% used [0x00000000d6580000,0x00000000d667a108,0x00000000d6680000)
  to   space 2560K, 0% used [0x00000000d6800000,0x00000000d6800000,0x00000000d6a80000)
 ParOldGen       total 68608K, used 52272K [0x0000000080000000, 0x0000000084300000, 0x00000000d5580000)
  object space 68608K, 76% used [0x0000000080000000,0x000000008330c080,0x0000000084300000)
 Metaspace       used 50987K, committed 52224K, reserved 1114112K
  class space    used 5514K, committed 6080K, reserved 1048576K
}
Event: 67.444 GC heap after
{Heap after GC invocations=48 (full 2):
 PSYoungGen      total 17408K, used 544K [0x00000000d5580000, 0x00000000d6900000, 0x0000000100000000)
  eden space 16384K, 0% used [0x00000000d5580000,0x00000000d5580000,0x00000000d6580000)
  from space 1024K, 53% used [0x00000000d6800000,0x00000000d6888000,0x00000000d6900000)
  to   space 1536K, 0% used [0x00000000d6600000,0x00000000d6600000,0x00000000d6780000)
 ParOldGen       total 68608K, used 53300K [0x0000000080000000, 0x0000000084300000, 0x00000000d5580000)
  object space 68608K, 77% used [0x0000000080000000,0x000000008340d110,0x0000000084300000)
 Metaspace       used 50987K, committed 52224K, reserved 1114112K
  class space    used 5514K, committed 6080K, reserved 1048576K
}
Event: 67.975 GC heap before
{Heap before GC invocations=49 (full 2):
 PSYoungGen      total 17408K, used 16898K [0x00000000d5580000, 0x00000000d6900000, 0x0000000100000000)
  eden space 16384K, 99% used [0x00000000d5580000,0x00000000d6578950,0x00000000d6580000)
  from space 1024K, 53% used [0x00000000d6800000,0x00000000d6888000,0x00000000d6900000)
  to   space 1536K, 0% used [0x00000000d6600000,0x00000000d6600000,0x00000000d6780000)
 ParOldGen       total 68608K, used 53300K [0x0000000080000000, 0x0000000084300000, 0x00000000d5580000)
  object space 68608K, 77% used [0x0000000080000000,0x000000008340d110,0x0000000084300000)
 Metaspace       used 51760K, committed 53056K, reserved 1114112K
  class space    used 5567K, committed 6144K, reserved 1048576K
}
Event: 67.977 GC heap after
{Heap after GC invocations=49 (full 2):
 PSYoungGen      total 17920K, used 1236K [0x00000000d5580000, 0x00000000d6880000, 0x0000000100000000)
  eden space 16384K, 0% used [0x00000000d5580000,0x00000000d5580000,0x00000000d6580000)
  from space 1536K, 80% used [0x00000000d6600000,0x00000000d67352f8,0x00000000d6780000)
  to   space 1024K, 0% used [0x00000000d6780000,0x00000000d6780000,0x00000000d6880000)
 ParOldGen       total 68608K, used 53729K [0x0000000080000000, 0x0000000084300000, 0x00000000d5580000)
  object space 68608K, 78% used [0x0000000080000000,0x0000000083478468,0x0000000084300000)
 Metaspace       used 51760K, committed 53056K, reserved 1114112K
  class space    used 5567K, committed 6144K, reserved 1048576K
}
Event: 68.247 GC heap before
{Heap before GC invocations=50 (full 2):
 PSYoungGen      total 17920K, used 17620K [0x00000000d5580000, 0x00000000d6880000, 0x0000000100000000)
  eden space 16384K, 100% used [0x00000000d5580000,0x00000000d6580000,0x00000000d6580000)
  from space 1536K, 80% used [0x00000000d6600000,0x00000000d67352f8,0x00000000d6780000)
  to   space 1024K, 0% used [0x00000000d6780000,0x00000000d6780000,0x00000000d6880000)
 ParOldGen       total 68608K, used 53729K [0x0000000080000000, 0x0000000084300000, 0x00000000d5580000)
  object space 68608K, 78% used [0x0000000080000000,0x0000000083478468,0x0000000084300000)
 Metaspace       used 53371K, committed 54656K, reserved 1114112K
  class space    used 5771K, committed 6336K, reserved 1048576K
}
Event: 68.248 GC heap after
{Heap after GC invocations=50 (full 2):
 PSYoungGen      total 17408K, used 600K [0x00000000d5580000, 0x00000000d6880000, 0x0000000100000000)
  eden space 16384K, 0% used [0x00000000d5580000,0x00000000d5580000,0x00000000d6580000)
  from space 1024K, 58% used [0x00000000d6780000,0x00000000d6816308,0x00000000d6880000)
  to   space 1024K, 0% used [0x00000000d6680000,0x00000000d6680000,0x00000000d6780000)
 ParOldGen       total 68608K, used 54608K [0x0000000080000000, 0x0000000084300000, 0x00000000d5580000)
  object space 68608K, 79% used [0x0000000080000000,0x00000000835543a8,0x0000000084300000)
 Metaspace       used 53371K, committed 54656K, reserved 1114112K
  class space    used 5771K, committed 6336K, reserved 1048576K
}
Event: 68.554 GC heap before
{Heap before GC invocations=51 (full 2):
 PSYoungGen      total 17408K, used 16984K [0x00000000d5580000, 0x00000000d6880000, 0x0000000100000000)
  eden space 16384K, 100% used [0x00000000d5580000,0x00000000d6580000,0x00000000d6580000)
  from space 1024K, 58% used [0x00000000d6780000,0x00000000d6816308,0x00000000d6880000)
  to   space 1024K, 0% used [0x00000000d6680000,0x00000000d6680000,0x00000000d6780000)
 ParOldGen       total 68608K, used 54608K [0x0000000080000000, 0x0000000084300000, 0x00000000d5580000)
  object space 68608K, 79% used [0x0000000080000000,0x00000000835543a8,0x0000000084300000)
 Metaspace       used 54080K, committed 55360K, reserved 1114112K
  class space    used 5859K, committed 6464K, reserved 1048576K
}
Event: 68.555 GC heap after
{Heap after GC invocations=51 (full 2):
 PSYoungGen      total 16896K, used 500K [0x00000000d5580000, 0x00000000d6800000, 0x0000000100000000)
  eden space 16384K, 0% used [0x00000000d5580000,0x00000000d5580000,0x00000000d6580000)
  from space 512K, 97% used [0x00000000d6680000,0x00000000d66fd308,0x00000000d6700000)
  to   space 1024K, 0% used [0x00000000d6700000,0x00000000d6700000,0x00000000d6800000)
 ParOldGen       total 68608K, used 55119K [0x0000000080000000, 0x0000000084300000, 0x00000000d5580000)
  object space 68608K, 80% used [0x0000000080000000,0x00000000835d3f10,0x0000000084300000)
 Metaspace       used 54080K, committed 55360K, reserved 1114112K
  class space    used 5859K, committed 6464K, reserved 1048576K
}
Event: 68.825 GC heap before
{Heap before GC invocations=52 (full 2):
 PSYoungGen      total 16896K, used 16884K [0x00000000d5580000, 0x00000000d6800000, 0x0000000100000000)
  eden space 16384K, 100% used [0x00000000d5580000,0x00000000d6580000,0x00000000d6580000)
  from space 512K, 97% used [0x00000000d6680000,0x00000000d66fd308,0x00000000d6700000)
  to   space 1024K, 0% used [0x00000000d6700000,0x00000000d6700000,0x00000000d6800000)
 ParOldGen       total 68608K, used 55119K [0x0000000080000000, 0x0000000084300000, 0x00000000d5580000)
  object space 68608K, 80% used [0x0000000080000000,0x00000000835d3f10,0x0000000084300000)
 Metaspace       used 55441K, committed 56768K, reserved 1114112K
  class space    used 6005K, committed 6592K, reserved 1048576K
}
Event: 68.826 GC heap after
{Heap after GC invocations=52 (full 2):
 PSYoungGen      total 17408K, used 1005K [0x00000000d5580000, 0x00000000d6880000, 0x0000000100000000)
  eden space 16384K, 0% used [0x00000000d5580000,0x00000000d5580000,0x00000000d6580000)
  from space 1024K, 98% used [0x00000000d6700000,0x00000000d67fb438,0x00000000d6800000)
  to   space 1536K, 0% used [0x00000000d6580000,0x00000000d6580000,0x00000000d6700000)
 ParOldGen       total 68608K, used 55359K [0x0000000080000000, 0x0000000084300000, 0x00000000d5580000)
  object space 68608K, 80% used [0x0000000080000000,0x000000008360ff10,0x0000000084300000)
 Metaspace       used 55441K, committed 56768K, reserved 1114112K
  class space    used 6005K, committed 6592K, reserved 1048576K
}
Event: 69.051 GC heap before
{Heap before GC invocations=53 (full 2):
 PSYoungGen      total 17408K, used 17389K [0x00000000d5580000, 0x00000000d6880000, 0x0000000100000000)
  eden space 16384K, 100% used [0x00000000d5580000,0x00000000d6580000,0x00000000d6580000)
  from space 1024K, 98% used [0x00000000d6700000,0x00000000d67fb438,0x00000000d6800000)
  to   space 1536K, 0% used [0x00000000d6580000,0x00000000d6580000,0x00000000d6700000)
 ParOldGen       total 68608K, used 55359K [0x0000000080000000, 0x0000000084300000, 0x00000000d5580000)
  object space 68608K, 80% used [0x0000000080000000,0x000000008360ff10,0x0000000084300000)
 Metaspace       used 56269K, committed 57536K, reserved 1114112K
  class space    used 6097K, committed 6656K, reserved 1048576K
}
Event: 69.054 GC heap after
{Heap after GC invocations=53 (full 2):
 PSYoungGen      total 17920K, used 1510K [0x00000000d5580000, 0x00000000d6f80000, 0x0000000100000000)
  eden space 16384K, 0% used [0x00000000d5580000,0x00000000d5580000,0x00000000d6580000)
  from space 1536K, 98% used [0x00000000d6580000,0x00000000d66f9868,0x00000000d6700000)
  to   space 5120K, 0% used [0x00000000d6a80000,0x00000000d6a80000,0x00000000d6f80000)
 ParOldGen       total 68608K, used 58147K [0x0000000080000000, 0x0000000084300000, 0x00000000d5580000)
  object space 68608K, 84% used [0x0000000080000000,0x00000000838c8c20,0x0000000084300000)
 Metaspace       used 56269K, committed 57536K, reserved 1114112K
  class space    used 6097K, committed 6656K, reserved 1048576K
}

