# JRE version: OpenJDK Runtime Environment Temurin-21.0.10+7 (21.0.10+7) (build 21.0.10+7-LTS)
# Java VM: OpenJDK 64-Bit Server VM Temurin-21.0.10+7 (21.0.10+7-LTS, mixed mode, sharing, tiered, compressed oops, compressed class ptrs, parallel gc, windows-amd64)
GC Precious Log:
 CardTable entry size: 512
 CPUs: 12 total, 12 available
 Memory: 16318M
 Large Page Support: Disabled
 NUMA Support: Disabled
 Compressed Oops: Enabled (32-bit)
 Alignments: Space 512K, Generation 512K, Heap 2M
 Heap Min Capacity: 100M
 Heap Initial Capacity: 100M
 Heap Max Capacity: 2G
 Pre-touch: Disabled
 Parallel Workers: 10
Heap:
 PSYoungGen      total 18432K, used 5261K [0x00000000d5580000, 0x00000000d6a00000, 0x0000000100000000)
  eden space 17408K, 25% used [0x00000000d5580000,0x00000000d59d8170,0x00000000d6680000)
  from space 1024K, 79% used [0x00000000d6900000,0x00000000d69cb480,0x00000000d6a00000)
  to   space 1536K, 0% used [0x00000000d6700000,0x00000000d6700000,0x00000000d6880000)
 ParOldGen       total 68608K, used 55508K [0x0000000080000000, 0x0000000084300000, 0x00000000d5580000)
  object space 68608K, 80% used [0x0000000080000000,0x0000000083635090,0x0000000084300000)
 Metaspace       used 62787K, committed 64128K, reserved 1114112K
  class space    used 6901K, committed 7424K, reserved 1048576K
GC Heap History (20 events):
Event: 58.480 GC heap before
{Heap before GC invocations=54 (full 2):
 PSYoungGen      total 18944K, used 18944K [0x00000000d5580000, 0x00000000d6a00000, 0x0000000100000000)
  eden space 17920K, 100% used [0x00000000d5580000,0x00000000d6700000,0x00000000d6700000)
  from space 1024K, 100% used [0x00000000d6700000,0x00000000d6800000,0x00000000d6800000)
  to   space 1536K, 0% used [0x00000000d6880000,0x00000000d6880000,0x00000000d6a00000)
 ParOldGen       total 68608K, used 54856K [0x0000000080000000, 0x0000000084300000, 0x00000000d5580000)
  object space 68608K, 79% used [0x0000000080000000,0x0000000083592108,0x0000000084300000)
 Metaspace       used 56193K, committed 57536K, reserved 1114112K
  class space    used 6145K, committed 6720K, reserved 1048576K
}
Event: 58.481 GC heap after
{Heap after GC invocations=54 (full 2):
 PSYoungGen      total 18944K, used 608K [0x00000000d5580000, 0x00000000d6980000, 0x0000000100000000)
  eden space 17920K, 0% used [0x00000000d5580000,0x00000000d5580000,0x00000000d6700000)
  from space 1024K, 59% used [0x00000000d6880000,0x00000000d6918000,0x00000000d6980000)
  to   space 1024K, 0% used [0x00000000d6700000,0x00000000d6700000,0x00000000d6800000)
 ParOldGen       total 68608K, used 55752K [0x0000000080000000, 0x0000000084300000, 0x00000000d5580000)
  object space 68608K, 81% used [0x0000000080000000,0x0000000083672128,0x0000000084300000)
 Metaspace       used 56193K, committed 57536K, reserved 1114112K
  class space    used 6145K, committed 6720K, reserved 1048576K
}
Event: 58.491 GC heap before
{Heap before GC invocations=55 (full 2):
 PSYoungGen      total 18944K, used 18528K [0x00000000d5580000, 0x00000000d6980000, 0x0000000100000000)
  eden space 17920K, 100% used [0x00000000d5580000,0x00000000d6700000,0x00000000d6700000)
  from space 1024K, 59% used [0x00000000d6880000,0x00000000d6918000,0x00000000d6980000)
  to   space 1024K, 0% used [0x00000000d6700000,0x00000000d6700000,0x00000000d6800000)
 ParOldGen       total 68608K, used 55752K [0x0000000080000000, 0x0000000084300000, 0x00000000d5580000)
  object space 68608K, 81% used [0x0000000080000000,0x0000000083672128,0x0000000084300000)
 Metaspace       used 56193K, committed 57536K, reserved 1114112K
  class space    used 6145K, committed 6720K, reserved 1048576K
}
Event: 58.492 GC heap after
{Heap after GC invocations=55 (full 2):
 PSYoungGen      total 18944K, used 384K [0x00000000d5580000, 0x00000000d6900000, 0x0000000100000000)
  eden space 17920K, 0% used [0x00000000d5580000,0x00000000d5580000,0x00000000d6700000)
  from space 1024K, 37% used [0x00000000d6700000,0x00000000d6760000,0x00000000d6800000)
  to   space 512K, 0% used [0x00000000d6880000,0x00000000d6880000,0x00000000d6900000)
 ParOldGen       total 68608K, used 56285K [0x0000000080000000, 0x0000000084300000, 0x00000000d5580000)
  object space 68608K, 82% used [0x0000000080000000,0x00000000836f7480,0x0000000084300000)
 Metaspace       used 56193K, committed 57536K, reserved 1114112K
  class space    used 6145K, committed 6720K, reserved 1048576K
}
Event: 58.853 GC heap before
{Heap before GC invocations=56 (full 2):
 PSYoungGen      total 18944K, used 18304K [0x00000000d5580000, 0x00000000d6900000, 0x0000000100000000)
  eden space 17920K, 100% used [0x00000000d5580000,0x00000000d6700000,0x00000000d6700000)
  from space 1024K, 37% used [0x00000000d6700000,0x00000000d6760000,0x00000000d6800000)
  to   space 512K, 0% used [0x00000000d6880000,0x00000000d6880000,0x00000000d6900000)
 ParOldGen       total 68608K, used 56285K [0x0000000080000000, 0x0000000084300000, 0x00000000d5580000)
  object space 68608K, 82% used [0x0000000080000000,0x00000000836f7498,0x0000000084300000)
 Metaspace       used 56452K, committed 57792K, reserved 1114112K
  class space    used 6164K, committed 6720K, reserved 1048576K
}
Event: 58.855 GC heap after
{Heap after GC invocations=56 (full 2):
 PSYoungGen      total 17920K, used 506K [0x00000000d5580000, 0x00000000d6b00000, 0x0000000100000000)
  eden space 17408K, 0% used [0x00000000d5580000,0x00000000d5580000,0x00000000d6680000)
  from space 512K, 98% used [0x00000000d6880000,0x00000000d68fe900,0x00000000d6900000)
  to   space 2048K, 0% used [0x00000000d6680000,0x00000000d6680000,0x00000000d6880000)
 ParOldGen       total 68608K, used 57417K [0x0000000080000000, 0x0000000084300000, 0x00000000d5580000)
  object space 68608K, 83% used [0x0000000080000000,0x0000000083812698,0x0000000084300000)
 Metaspace       used 56452K, committed 57792K, reserved 1114112K
  class space    used 6164K, committed 6720K, reserved 1048576K
}
Event: 59.020 GC heap before
{Heap before GC invocations=57 (full 2):
 PSYoungGen      total 17920K, used 17914K [0x00000000d5580000, 0x00000000d6b00000, 0x0000000100000000)
  eden space 17408K, 100% used [0x00000000d5580000,0x00000000d6680000,0x00000000d6680000)
  from space 512K, 98% used [0x00000000d6880000,0x00000000d68fe900,0x00000000d6900000)
  to   space 2048K, 0% used [0x00000000d6680000,0x00000000d6680000,0x00000000d6880000)
 ParOldGen       total 68608K, used 57454K [0x0000000080000000, 0x0000000084300000, 0x00000000d5580000)
  object space 68608K, 83% used [0x0000000080000000,0x000000008381b9d8,0x0000000084300000)
 Metaspace       used 58007K, committed 59328K, reserved 1114112K
  class space    used 6341K, committed 6912K, reserved 1048576K
}
Event: 59.022 GC heap after
{Heap after GC invocations=57 (full 2):
 PSYoungGen      total 18944K, used 1131K [0x00000000d5580000, 0x00000000d6980000, 0x0000000100000000)
  eden space 17408K, 0% used [0x00000000d5580000,0x00000000d5580000,0x00000000d6680000)
  from space 1536K, 73% used [0x00000000d6680000,0x00000000d679ae98,0x00000000d6800000)
  to   space 1536K, 0% used [0x00000000d6800000,0x00000000d6800000,0x00000000d6980000)
 ParOldGen       total 68608K, used 57987K [0x0000000080000000, 0x0000000084300000, 0x00000000d5580000)
  object space 68608K, 84% used [0x0000000080000000,0x00000000838a0f00,0x0000000084300000)
 Metaspace       used 58007K, committed 59328K, reserved 1114112K
  class space    used 6341K, committed 6912K, reserved 1048576K
}
Event: 59.174 GC heap before
{Heap before GC invocations=58 (full 2):
 PSYoungGen      total 18944K, used 4541K [0x00000000d5580000, 0x00000000d6980000, 0x0000000100000000)
  eden space 17408K, 19% used [0x00000000d5580000,0x00000000d58d4598,0x00000000d6680000)
  from space 1536K, 73% used [0x00000000d6680000,0x00000000d679ae98,0x00000000d6800000)
  to   space 1536K, 0% used [0x00000000d6800000,0x00000000d6800000,0x00000000d6980000)
 ParOldGen       total 68608K, used 57987K [0x0000000080000000, 0x0000000084300000, 0x00000000d5580000)
  object space 68608K, 84% used [0x0000000080000000,0x00000000838a0f00,0x0000000084300000)
 Metaspace       used 58487K, committed 59776K, reserved 1114112K
  class space    used 6404K, committed 6976K, reserved 1048576K
}
Event: 59.177 GC heap after
{Heap after GC invocations=58 (full 2):
 PSYoungGen      total 17920K, used 432K [0x00000000d5580000, 0x00000000d6880000, 0x0000000100000000)
  eden space 17408K, 0% used [0x00000000d5580000,0x00000000d5580000,0x00000000d6680000)
  from space 512K, 84% used [0x00000000d6800000,0x00000000d686c010,0x00000000d6880000)
  to   space 1024K, 0% used [0x00000000d6680000,0x00000000d6680000,0x00000000d6780000)
 ParOldGen       total 68608K, used 58930K [0x0000000080000000, 0x0000000084300000, 0x00000000d5580000)
  object space 68608K, 85% used [0x0000000080000000,0x000000008398c800,0x0000000084300000)
 Metaspace       used 58487K, committed 59776K, reserved 1114112K
  class space    used 6404K, committed 6976K, reserved 1048576K
}
Event: 59.177 GC heap before
{Heap before GC invocations=59 (full 3):
 PSYoungGen      total 17920K, used 432K [0x00000000d5580000, 0x00000000d6880000, 0x0000000100000000)
  eden space 17408K, 0% used [0x00000000d5580000,0x00000000d5580000,0x00000000d6680000)
  from space 512K, 84% used [0x00000000d6800000,0x00000000d686c010,0x00000000d6880000)
  to   space 1024K, 0% used [0x00000000d6680000,0x00000000d6680000,0x00000000d6780000)
 ParOldGen       total 68608K, used 58930K [0x0000000080000000, 0x0000000084300000, 0x00000000d5580000)
  object space 68608K, 85% used [0x0000000080000000,0x000000008398c800,0x0000000084300000)
 Metaspace       used 58487K, committed 59776K, reserved 1114112K
  class space    used 6404K, committed 6976K, reserved 1048576K
}
Event: 59.278 GC heap after
{Heap after GC invocations=59 (full 3):
 PSYoungGen      total 17920K, used 0K [0x00000000d5580000, 0x00000000d6880000, 0x0000000100000000)
  eden space 17408K, 0% used [0x00000000d5580000,0x00000000d5580000,0x00000000d6680000)
  from space 512K, 0% used [0x00000000d6800000,0x00000000d6800000,0x00000000d6880000)
  to   space 1024K, 0% used [0x00000000d6680000,0x00000000d6680000,0x00000000d6780000)
 ParOldGen       total 68608K, used 52879K [0x0000000080000000, 0x0000000084300000, 0x00000000d5580000)
  object space 68608K, 77% used [0x0000000080000000,0x00000000833a3fe0,0x0000000084300000)
 Metaspace       used 58487K, committed 59776K, reserved 1114112K
  class space    used 6404K, committed 6976K, reserved 1048576K
}
Event: 59.738 GC heap before
{Heap before GC invocations=60 (full 3):
 PSYoungGen      total 17920K, used 17408K [0x00000000d5580000, 0x00000000d6880000, 0x0000000100000000)
  eden space 17408K, 100% used [0x00000000d5580000,0x00000000d6680000,0x00000000d6680000)
  from space 512K, 0% used [0x00000000d6800000,0x00000000d6800000,0x00000000d6880000)
  to   space 1024K, 0% used [0x00000000d6680000,0x00000000d6680000,0x00000000d6780000)
 ParOldGen       total 68608K, used 52879K [0x0000000080000000, 0x0000000084300000, 0x00000000d5580000)
  object space 68608K, 77% used [0x0000000080000000,0x00000000833a3fe0,0x0000000084300000)
 Metaspace       used 59270K, committed 60608K, reserved 1114112K
  class space    used 6501K, committed 7040K, reserved 1048576K
}
Event: 59.738 GC heap after
{Heap after GC invocations=60 (full 3):
 PSYoungGen      total 18432K, used 352K [0x00000000d5580000, 0x00000000d6880000, 0x0000000100000000)
  eden space 17408K, 0% used [0x00000000d5580000,0x00000000d5580000,0x00000000d6680000)
  from space 1024K, 34% used [0x00000000d6680000,0x00000000d66d8000,0x00000000d6780000)
  to   space 512K, 0% used [0x00000000d6800000,0x00000000d6800000,0x00000000d6880000)
 ParOldGen       total 68608K, used 52887K [0x0000000080000000, 0x0000000084300000, 0x00000000d5580000)
  object space 68608K, 77% used [0x0000000080000000,0x00000000833a5fe0,0x0000000084300000)
 Metaspace       used 59270K, committed 60608K, reserved 1114112K
  class space    used 6501K, committed 7040K, reserved 1048576K
}
Event: 60.071 GC heap before
{Heap before GC invocations=61 (full 3):
 PSYoungGen      total 18432K, used 17760K [0x00000000d5580000, 0x00000000d6880000, 0x0000000100000000)
  eden space 17408K, 100% used [0x00000000d5580000,0x00000000d6680000,0x00000000d6680000)
  from space 1024K, 34% used [0x00000000d6680000,0x00000000d66d8000,0x00000000d6780000)
  to   space 512K, 0% used [0x00000000d6800000,0x00000000d6800000,0x00000000d6880000)
 ParOldGen       total 68608K, used 52887K [0x0000000080000000, 0x0000000084300000, 0x00000000d5580000)
  object space 68608K, 77% used [0x0000000080000000,0x00000000833a5fe0,0x0000000084300000)
 Metaspace       used 60515K, committed 61824K, reserved 1114112K
  class space    used 6646K, committed 7168K, reserved 1048576K
}
Event: 60.072 GC heap after
{Heap after GC invocations=61 (full 3):
 PSYoungGen      total 17920K, used 512K [0x00000000d5580000, 0x00000000d6980000, 0x0000000100000000)
  eden space 17408K, 0% used [0x00000000d5580000,0x00000000d5580000,0x00000000d6680000)
  from space 512K, 100% used [0x00000000d6800000,0x00000000d6880000,0x00000000d6880000)
  to   space 1536K, 0% used [0x00000000d6680000,0x00000000d6680000,0x00000000d6800000)
 ParOldGen       total 68608K, used 53496K [0x0000000080000000, 0x0000000084300000, 0x00000000d5580000)
  object space 68608K, 77% used [0x0000000080000000,0x000000008343e070,0x0000000084300000)
 Metaspace       used 60515K, committed 61824K, reserved 1114112K
  class space    used 6646K, committed 7168K, reserved 1048576K
}
Event: 60.337 GC heap before
{Heap before GC invocations=62 (full 3):
 PSYoungGen      total 17920K, used 17920K [0x00000000d5580000, 0x00000000d6980000, 0x0000000100000000)
  eden space 17408K, 100% used [0x00000000d5580000,0x00000000d6680000,0x00000000d6680000)
  from space 512K, 100% used [0x00000000d6800000,0x00000000d6880000,0x00000000d6880000)
  to   space 1536K, 0% used [0x00000000d6680000,0x00000000d6680000,0x00000000d6800000)
 ParOldGen       total 68608K, used 53496K [0x0000000080000000, 0x0000000084300000, 0x00000000d5580000)
  object space 68608K, 77% used [0x0000000080000000,0x000000008343e070,0x0000000084300000)
 Metaspace       used 62098K, committed 63424K, reserved 1114112K
  class space    used 6820K, committed 7360K, reserved 1048576K
}
Event: 60.340 GC heap after
{Heap after GC invocations=62 (full 3):
 PSYoungGen      total 18944K, used 1519K [0x00000000d5580000, 0x00000000d6b80000, 0x0000000100000000)
  eden space 17408K, 0% used [0x00000000d5580000,0x00000000d5580000,0x00000000d6680000)
  from space 1536K, 98% used [0x00000000d6680000,0x00000000d67fbf60,0x00000000d6800000)
  to   space 2560K, 0% used [0x00000000d6900000,0x00000000d6900000,0x00000000d6b80000)
 ParOldGen       total 68608K, used 54040K [0x0000000080000000, 0x0000000084300000, 0x00000000d5580000)
  object space 68608K, 78% used [0x0000000080000000,0x00000000834c6070,0x0000000084300000)
 Metaspace       used 62098K, committed 63424K, reserved 1114112K
  class space    used 6820K, committed 7360K, reserved 1048576K
}
Event: 109.381 GC heap before
{Heap before GC invocations=63 (full 3):
 PSYoungGen      total 18944K, used 18927K [0x00000000d5580000, 0x00000000d6b80000, 0x0000000100000000)
  eden space 17408K, 100% used [0x00000000d5580000,0x00000000d6680000,0x00000000d6680000)
  from space 1536K, 98% used [0x00000000d6680000,0x00000000d67fbf60,0x00000000d6800000)
  to   space 2560K, 0% used [0x00000000d6900000,0x00000000d6900000,0x00000000d6b80000)
 ParOldGen       total 68608K, used 54040K [0x0000000080000000, 0x0000000084300000, 0x00000000d5580000)
  object space 68608K, 78% used [0x0000000080000000,0x00000000834c6070,0x0000000084300000)
 Metaspace       used 62432K, committed 63808K, reserved 1114112K
  class space    used 6854K, committed 7424K, reserved 1048576K
}
Event: 109.384 GC heap after
{Heap after GC invocations=63 (full 3):
 PSYoungGen      total 18432K, used 813K [0x00000000d5580000, 0x00000000d6a00000, 0x0000000100000000)
  eden space 17408K, 0% used [0x00000000d5580000,0x00000000d5580000,0x00000000d6680000)
  from space 1024K, 79% used [0x00000000d6900000,0x00000000d69cb480,0x00000000d6a00000)
  to   space 1536K, 0% used [0x00000000d6700000,0x00000000d6700000,0x00000000d6880000)
 ParOldGen       total 68608K, used 55508K [0x0000000080000000, 0x0000000084300000, 0x00000000d5580000)
  object space 68608K, 80% used [0x0000000080000000,0x0000000083635090,0x0000000084300000)
 Metaspace       used 62432K, committed 63808K, reserved 1114112K
  class space    used 6854K, committed 7424K, reserved 1048576K
}

